T5F2C 000:003.571   SEGGER J-Link V7.98b Log File
T5F2C 000:003.924   DLL Compiled: Jul 31 2024 16:10:46
T5F2C 000:003.939   Logging started @ 2024-09-30 16:29
T5F2C 000:003.954   Process: C:\Users\QUOCCUONG\.eclipse\com.renesas.platform_1291987301\DebugComp\RA\e2-server-gdb.exe
T5F2C 000:003.970 - 3.968ms
T5F2C 000:003.991 JLINK_GetDLLVersion()
T5F2C 000:004.007 - 0.015ms returns 79802
T5F2C 000:072.051 JLINK_OpenEx(...)
T5F2C 000:084.223   Firmware: J-Link OB-S124 compiled Jul  3 2024 17:03:07
T5F2C 000:085.824   Firmware: J-Link OB-S124 compiled Jul  3 2024 17:03:07
T5F2C 000:115.659   Hardware: V1.00
T5F2C 000:115.704   S/N: 831274468
T5F2C 000:115.724   OEM: SEGGER
T5F2C 000:115.744   Feature(s): None
T5F2C 000:117.185   Bootloader: 2019 Oct 15
T5F2C 000:118.084   USB speed mode: Full speed (12 MBit/s)
T5F2C 000:119.111   TELNET listener socket opened on port 19021
T5F2C 000:119.292   WEBSRV WEBSRV_Init(): Starting webserver thread(s)
T5F2C 000:119.469   WEBSRV Webserver running on local port 19080
T5F2C 000:119.569   Looking for J-Link GUI Server exe at: C:\Users\QUOCCUONG\.eclipse\com.renesas.platform_1291987301\DebugComp\RA\ARM\Segger_v7.98.2\JLinkGUIServer.exe
T5F2C 000:119.746   Looking for J-Link GUI Server exe at: \JLinkGUIServer.exe
T5F2C 000:428.386   Failed to connect to J-Link GUI Server.
T5F2C 000:428.906 - 356.488ms returns "O.K."
T5F2C 000:429.835 JLINK_ExecCommand("ProjectFile=D:\IoT\Lab1_Blink/Lab1_Blink Debug_Flat.jlink", ...). 
T5F2C 000:516.101 - 86.265ms returns 0x00
T5F2C 000:520.956 JLINK_ExecCommand("device=R7FA6M5BH", ...). 
T5F2C 000:522.044   Flash bank @ 0x0100A100: SFL: Parsing sectorization info from ELF file
T5F2C 000:522.064     FlashDevice.SectorInfo[0]: .SectorSize = 0x00000010, .SectorStartAddr = 0x00000000
T5F2C 000:522.073   FlashBank @0x0100A100: Sectorization info from SFL ELF file ignored because sectorization override from DLL / XML file is active.
T5F2C 000:523.214   Flash bank @ 0x60000000: SFL: Parsing sectorization info from ELF file
T5F2C 000:523.230     FlashDevice.SectorInfo[0]: .SectorSize = 0x00010000, .SectorStartAddr = 0x00000000
T5F2C 000:527.163   Device "R7FA6M5BH" selected.
T5F2C 000:527.574 - 6.594ms returns 0x00
T5F2C 000:527.589 JLINK_TIF_GetAvailable(...)
T5F2C 000:527.927 - 0.338ms
T5F2C 000:527.936 JLINK_TIF_Select(JLINKARM_TIF_SWD)
T5F2C 000:528.956 - 1.019ms returns 0x00
T5F2C 000:528.966 JLINK_SetSpeed(4000)
T5F2C 000:529.117 - 0.152ms
T5F2C 000:529.134 JLINK_ReadMem(0xE000EDF0, 0x4 Bytes, ...)
T5F2C 000:529.543   ConfigTargetSettings() start
T5F2C 000:529.569    J-Link Script File: Executing ConfigTargetSettings()
T5F2C 000:529.581   Configuring FlashDLNoRMWThreshold=0x200 in order to make sure that option bytes programming is done via read-modify-write
T5F2C 000:579.253   ConfigTargetSettings() end - Took 49.6ms
T5F2C 000:579.278   InitTarget() start
T5F2C 000:579.286    J-Link Script File: Executing InitTarget()
T5F2C 000:579.294   SWD selected. Executing JTAG -> SWD switching sequence.
T5F2C 000:583.136   DAP initialized successfully.
T5F2C 000:583.168   Determining TrustZone configuration...
T5F2C 000:585.187     Secure Debug: Enabled (SSD)
T5F2C 000:585.199   Determining currently configured transfer type by reading the AHB-AP CSW register.
T5F2C 000:586.704     --> Correct transfer type configured. Done.
T5F2C 000:586.716   InitTarget() end - Took 7.42ms
T5F2C 000:587.833   Found SW-DP with ID 0x6BA02477
T5F2C 000:592.126   DPIDR: 0x6BA02477
T5F2C 000:592.146   CoreSight SoC-400 or earlier
T5F2C 000:592.155   Scanning AP map to find all available APs
T5F2C 000:593.976   AP[2]: Stopped AP scan as end of AP map has been reached
T5F2C 000:594.123   AP[0]: AHB-AP (IDR: 0x84770001)
T5F2C 000:594.133   AP[1]: APB-AP (IDR: 0x54770002)
T5F2C 000:594.141   Iterating through AP map to find AHB-AP to use
T5F2C 000:595.775   AP[0]: Core found
T5F2C 000:595.800   AP[0]: AHB-AP ROM base: 0xE00FE000
T5F2C 000:596.746   CPUID register: 0x410FD214. Implementer code: 0x41 (ARM)
T5F2C 000:596.762   Feature set: Mainline
T5F2C 000:597.553   Cache: No cache
T5F2C 000:597.567   Found Cortex-M33 r0p4, Little endian.
T5F2C 000:598.086   -- Max. mem block: 0x00001B00
T5F2C 000:600.100   CPU_ReadMem(4 bytes @ 0xE000EDF0)
T5F2C 000:600.946   CPU_WriteMem(4 bytes @ 0xE000EDF0)
T5F2C 000:601.575   CPU_ReadMem(4 bytes @ 0xE0002000)
T5F2C 000:602.142   FPUnit: 8 code (BP) slots and 0 literal slots
T5F2C 000:602.152   CPU_ReadMem(4 bytes @ 0xE000EDFC)
T5F2C 000:602.766   CPU_WriteMem(4 bytes @ 0xE000EDFC)
T5F2C 000:603.434   CPU_ReadMem(4 bytes @ 0xE0001000)
T5F2C 000:604.066   CPU_ReadMem(4 bytes @ 0xE0001000)
T5F2C 000:604.706   CPU_ReadMem(4 bytes @ 0xE0001028)
T5F2C 000:605.262   CPU_ReadMem(4 bytes @ 0xE0001038)
T5F2C 000:605.892   CPU_ReadMem(4 bytes @ 0xE0001048)
T5F2C 000:606.517   CPU_ReadMem(4 bytes @ 0xE0001058)
T5F2C 000:607.141   CPU_WriteMem(4 bytes @ 0xE0001000)
T5F2C 000:607.794   CPU_ReadMem(4 bytes @ 0xE000ED88)
T5F2C 000:608.420   CPU_WriteMem(4 bytes @ 0xE000ED88)
T5F2C 000:609.063   CPU_ReadMem(4 bytes @ 0xE000ED88)
T5F2C 000:609.710   CPU_WriteMem(4 bytes @ 0xE000ED88)
T5F2C 000:610.388   CPU_ReadMem(4 bytes @ 0xE000EFB8)
T5F2C 000:611.063   Security extension: implemented
T5F2C 000:611.074   Secure debug: enabled
T5F2C 000:611.082   CoreSight components:
T5F2C 000:611.090   ROMTbl[0] @ E00FE000
T5F2C 000:611.098   CPU_ReadMem(64 bytes @ 0xE00FE000)
T5F2C 000:612.468   CPU_ReadMem(32 bytes @ 0xE0044FE0)
T5F2C 000:613.460   CPU_ReadMem(4 bytes @ 0xE0044FBC)
T5F2C 000:614.118   CPU_ReadMem(4 bytes @ 0xE0044FCC)
T5F2C 000:614.695   [0][0]: E0044000 CID B105900D PID 005BB906 DEVARCH 00000000 DEVTYPE 14 CTI (?)
T5F2C 000:614.704   CPU_ReadMem(32 bytes @ 0xE0047FE0)
T5F2C 000:615.684   CPU_ReadMem(4 bytes @ 0xE0047FBC)
T5F2C 000:616.324   CPU_ReadMem(4 bytes @ 0xE0047FCC)
T5F2C 000:616.898   [0][1]: E0047000 CID B105900D PID 003BB908 DEVARCH 00000000 DEVTYPE 12 CSTF
T5F2C 000:616.907   CPU_ReadMem(32 bytes @ 0xE0048FE0)
T5F2C 000:617.908   CPU_ReadMem(4 bytes @ 0xE0048FBC)
T5F2C 000:618.518   CPU_ReadMem(4 bytes @ 0xE0048FCC)
T5F2C 000:619.149   [0][2]: E0048000 CID B105900D PID 001BB961 DEVARCH 00000000 DEVTYPE 21 ETB
T5F2C 000:619.158   CPU_ReadMem(32 bytes @ 0xE0049FE0)
T5F2C 000:620.136   [0][3]: E0049000 CID B105F00D PID 001BB101 TSG
T5F2C 000:620.145   CPU_ReadMem(32 bytes @ 0xE0040FE0)
T5F2C 000:621.137   CPU_ReadMem(4 bytes @ 0xE0040FBC)
T5F2C 000:621.740   CPU_ReadMem(4 bytes @ 0xE0040FCC)
T5F2C 000:622.398   [0][4]: E0040000 CID B105900D PID 000BBD21 DEVARCH 00000000 DEVTYPE 11 TPIU
T5F2C 000:622.410   CPU_ReadMem(32 bytes @ 0xE00FFFE0)
T5F2C 000:623.389   [0][5]: E00FF000 CID B105100D PID 000BB4C9 ROM Table
T5F2C 000:623.398   ROMTbl[1] @ E00FF000
T5F2C 000:623.406   CPU_ReadMem(64 bytes @ 0xE00FF000)
T5F2C 000:624.825   CPU_ReadMem(32 bytes @ 0xE000EFE0)
T5F2C 000:625.799   CPU_ReadMem(4 bytes @ 0xE000EFBC)
T5F2C 000:626.443   CPU_ReadMem(4 bytes @ 0xE000EFCC)
T5F2C 000:627.068   [1][0]: E000E000 CID B105900D PID 000BBD21 DEVARCH 47702A04 DEVTYPE 00 Cortex-M33
T5F2C 000:627.077   CPU_ReadMem(32 bytes @ 0xE0001FE0)
T5F2C 000:628.096   CPU_ReadMem(4 bytes @ 0xE0001FBC)
T5F2C 000:628.669   CPU_ReadMem(4 bytes @ 0xE0001FCC)
T5F2C 000:629.267   [1][1]: E0001000 CID B105900D PID 000BBD21 DEVARCH 47701A02 DEVTYPE 00 DWT
T5F2C 000:629.277   CPU_ReadMem(32 bytes @ 0xE0002FE0)
T5F2C 000:630.261   CPU_ReadMem(4 bytes @ 0xE0002FBC)
T5F2C 000:630.893   CPU_ReadMem(4 bytes @ 0xE0002FCC)
T5F2C 000:631.518   [1][2]: E0002000 CID B105900D PID 000BBD21 DEVARCH 47701A03 DEVTYPE 00 FPB
T5F2C 000:631.527   CPU_ReadMem(32 bytes @ 0xE0000FE0)
T5F2C 000:632.511   CPU_ReadMem(4 bytes @ 0xE0000FBC)
T5F2C 000:633.146   CPU_ReadMem(4 bytes @ 0xE0000FCC)
T5F2C 000:633.770   [1][3]: E0000000 CID B105900D PID 000BBD21 DEVARCH 47701A01 DEVTYPE 43 ITM
T5F2C 000:633.786   CPU_ReadMem(32 bytes @ 0xE0041FE0)
T5F2C 000:634.770   CPU_ReadMem(4 bytes @ 0xE0041FBC)
T5F2C 000:635.394   CPU_ReadMem(4 bytes @ 0xE0041FCC)
T5F2C 000:636.056   [1][5]: E0041000 CID B105900D PID 002BBD21 DEVARCH 47724A13 DEVTYPE 13 ETM
T5F2C 000:636.091   CPU_ReadMem(32 bytes @ 0xE0042FE0)
T5F2C 000:637.085   CPU_ReadMem(4 bytes @ 0xE0042FBC)
T5F2C 000:637.652   CPU_ReadMem(4 bytes @ 0xE0042FCC)
T5F2C 000:638.267   [1][6]: E0042000 CID B105900D PID 000BBD21 DEVARCH 47701A14 DEVTYPE 14 CSS600-CTI
T5F2C 000:638.413   CPU_ReadMem(4 bytes @ 0xE000EDF0)
T5F2C 000:639.069   Data:  01 00 10 01
T5F2C 000:639.079   Debug reg: DHCSR
T5F2C 000:639.087 - 109.954ms returns 0
T5F2C 000:639.102 JLINK_ReadMem(0x400E002C, 0x4 Bytes, ...)
T5F2C 000:639.110   CPU_ReadMem(4 bytes @ 0x400E002C)
T5F2C 000:639.694   Data:  02 00 00 00
T5F2C 000:639.703 - 0.601ms returns 0
T5F2C 000:639.731 JLINK_ReadMem(0xE000EDF0, 0x4 Bytes, ...)
T5F2C 000:639.738   CPU_ReadMem(4 bytes @ 0xE000EDF0)
T5F2C 000:640.319   Data:  01 00 10 01
T5F2C 000:640.328   Debug reg: DHCSR
T5F2C 000:640.336 - 0.605ms returns 0
T5F2C 000:640.363 JLINK_ReadMem(0xE000EDF0, 0x4 Bytes, ...)
T5F2C 000:640.370   CPU_ReadMem(4 bytes @ 0xE000EDF0)
T5F2C 000:640.967   Data:  01 00 10 01
T5F2C 000:640.984   Debug reg: DHCSR
T5F2C 000:640.995 - 0.631ms returns 0
T5F2C 000:641.006 JLINK_ReadMem(0x400E001C, 0x4 Bytes, ...)
T5F2C 000:641.015   CPU_ReadMem(4 bytes @ 0x400E001C)
T5F2C 000:641.710   Data:  00 34 00 00
T5F2C 000:641.722 - 0.716ms returns 0
T5F2C 000:641.735 JLINK_ReadMem(0xE000EDF0, 0x4 Bytes, ...)
T5F2C 000:641.743   CPU_ReadMem(4 bytes @ 0xE000EDF0)
T5F2C 000:642.444   Data:  01 00 10 01
T5F2C 000:642.464   Debug reg: DHCSR
T5F2C 000:642.472 - 0.737ms returns 0
T5F2C 000:642.480 JLINK_ReadMem(0x400E0018, 0x4 Bytes, ...)
T5F2C 000:642.487   CPU_ReadMem(4 bytes @ 0x400E0018)
T5F2C 000:643.049   Data:  00 80 00 00
T5F2C 000:643.059 - 0.579ms returns 0
T5F2C 000:643.069 JLINK_ReadMem(0xE000EDF0, 0x4 Bytes, ...)
T5F2C 000:643.076   CPU_ReadMem(4 bytes @ 0xE000EDF0)
T5F2C 000:643.748   Data:  01 00 10 01
T5F2C 000:643.763   Debug reg: DHCSR
T5F2C 000:643.772 - 0.702ms returns 0
T5F2C 000:643.781 JLINK_ReadMem(0x400E0020, 0x4 Bytes, ...)
T5F2C 000:643.789   CPU_ReadMem(4 bytes @ 0x400E0020)
T5F2C 000:644.416   Data:  00 00 00 00
T5F2C 000:644.427 - 0.646ms returns 0
T5F2C 000:644.437 JLINK_ReadMem(0xE000EDF0, 0x4 Bytes, ...)
T5F2C 000:644.444   CPU_ReadMem(4 bytes @ 0xE000EDF0)
T5F2C 000:645.082   Data:  01 00 10 01
T5F2C 000:645.098   Debug reg: DHCSR
T5F2C 000:645.106 - 0.668ms returns 0
T5F2C 000:645.114 JLINK_ReadMem(0x400E0028, 0x4 Bytes, ...)
T5F2C 000:645.120   CPU_ReadMem(4 bytes @ 0x400E0028)
T5F2C 000:645.708   Data:  00 0C 00 00
T5F2C 000:645.728 - 0.615ms returns 0
T5F2C 000:645.737 JLINK_ReadMem(0xE000EDF0, 0x4 Bytes, ...)
T5F2C 000:645.744   CPU_ReadMem(4 bytes @ 0xE000EDF0)
T5F2C 000:646.340   Data:  01 00 10 01
T5F2C 000:646.350   Debug reg: DHCSR
T5F2C 000:646.358 - 0.620ms returns 0
T5F2C 000:646.366 JLINK_ReadMem(0x400E0024, 0x4 Bytes, ...)
T5F2C 000:646.372   CPU_ReadMem(4 bytes @ 0x400E0024)
T5F2C 000:646.940   Data:  00 20 00 00
T5F2C 000:646.955 - 0.589ms returns 0
T5F2C 000:646.964 JLINK_ReadMem(0xE000EDF0, 0x4 Bytes, ...)
T5F2C 000:646.971   CPU_ReadMem(4 bytes @ 0xE000EDF0)
T5F2C 000:647.542   Data:  01 00 10 01
T5F2C 000:647.551   Debug reg: DHCSR
T5F2C 000:647.559 - 0.594ms returns 0
T5F2C 000:647.566 JLINK_ReadMem(0x400E002C, 0x4 Bytes, ...)
T5F2C 000:647.573   CPU_ReadMem(4 bytes @ 0x400E002C)
T5F2C 000:648.150   Data:  02 00 00 00
T5F2C 000:648.163 - 0.596ms returns 0
T5F2C 000:648.174 JLINK_ReadMem(0xE000EDF0, 0x4 Bytes, ...)
T5F2C 000:648.181   CPU_ReadMem(4 bytes @ 0xE000EDF0)
T5F2C 000:648.773   Data:  01 00 10 01
T5F2C 000:648.782   Debug reg: DHCSR
T5F2C 000:648.790 - 0.616ms returns 0
T5F2C 000:648.798 JLINK_ReadMem(0x400E002C, 0x4 Bytes, ...)
T5F2C 000:648.805   CPU_ReadMem(4 bytes @ 0x400E002C)
T5F2C 000:649.392   Data:  02 00 00 00
T5F2C 000:649.401 - 0.603ms returns 0
T5F2C 000:656.183 JLINK_Close()
T5F2C 000:677.404 - 21.221ms
T5F2C 000:677.431   
T5F2C 000:677.436   Closed
